# JRE version: Java(TM) SE Runtime Environment (21.0.1+12) (build 21.0.1+12-LTS-29)
# Java VM: Java HotSpot(TM) 64-Bit Server VM (21.0.1+12-LTS-29, mixed mode, sharing, tiered, compressed oops, compressed class ptrs, g1 gc, windows-amd64)
GC Precious Log:
 CardTable entry size: 512
 Card Set container configuration: InlinePtr #cards 4 size 8 Array Of Cards #cards 32 size 80 Howl #buckets 8 coarsen threshold 7372 Howl Bitmap #cards 1024 size 144 coarsen threshold 921 Card regions per heap region 1 cards per card region 8192
 CPUs: 8 total, 8 available
 Memory: 8070M
 Large Page Support: Disabled
 NUMA Support: Disabled
 Compressed Oops: Enabled (Zero based)
 Heap Region Size: 4M
 Heap Min Capacity: 8M
 Heap Initial Capacity: 128M
 Heap Max Capacity: 8G
 Pre-touch: Disabled
 Parallel Workers: 8
 Concurrent Workers: 2
 Concurrent Refinement Workers: 8
 Periodic GC: Disabled
Heap:
 garbage-first heap   total 303104K, used 199656K [0x0000000600000000, 0x0000000800000000)
  region size 4096K, 15 young (61440K), 2 survivors (8192K)
 Metaspace       used 105166K, committed 107648K, reserved 1179648K
  class space    used 14782K, committed 16000K, reserved 1048576K
GC Heap History (20 events):
Event: 33.951 GC heap before
{Heap before GC invocations=29 (full 0):
 garbage-first heap   total 163840K, used 140365K [0x0000000600000000, 0x0000000800000000)
  region size 4096K, 11 young (45056K), 2 survivors (8192K)
 Metaspace       used 85847K, committed 88000K, reserved 1179648K
  class space    used 12032K, committed 13120K, reserved 1048576K
}
Event: 33.957 GC heap after
{Heap after GC invocations=30 (full 0):
 garbage-first heap   total 163840K, used 102825K [0x0000000600000000, 0x0000000800000000)
  region size 4096K, 1 young (4096K), 1 survivors (4096K)
 Metaspace       used 85847K, committed 88000K, reserved 1179648K
  class space    used 12032K, committed 13120K, reserved 1048576K
}
Event: 34.431 GC heap before
{Heap before GC invocations=30 (full 0):
 garbage-first heap   total 163840K, used 139689K [0x0000000600000000, 0x0000000800000000)
  region size 4096K, 11 young (45056K), 1 survivors (4096K)
 Metaspace       used 87656K, committed 89856K, reserved 1179648K
  class space    used 12275K, committed 13376K, reserved 1048576K
}
Event: 34.436 GC heap after
{Heap after GC invocations=31 (full 0):
 garbage-first heap   total 163840K, used 107877K [0x0000000600000000, 0x0000000800000000)
  region size 4096K, 2 young (8192K), 2 survivors (8192K)
 Metaspace       used 87656K, committed 89856K, reserved 1179648K
  class space    used 12275K, committed 13376K, reserved 1048576K
}
Event: 34.947 GC heap before
{Heap before GC invocations=32 (full 0):
 garbage-first heap   total 200704K, used 140645K [0x0000000600000000, 0x0000000800000000)
  region size 4096K, 10 young (40960K), 2 survivors (8192K)
 Metaspace       used 89849K, committed 92096K, reserved 1179648K
  class space    used 12555K, committed 13696K, reserved 1048576K
}
Event: 34.953 GC heap after
{Heap after GC invocations=33 (full 0):
 garbage-first heap   total 200704K, used 110150K [0x0000000600000000, 0x0000000800000000)
  region size 4096K, 1 young (4096K), 1 survivors (4096K)
 Metaspace       used 89849K, committed 92096K, reserved 1179648K
  class space    used 12555K, committed 13696K, reserved 1048576K
}
Event: 35.831 GC heap before
{Heap before GC invocations=33 (full 0):
 garbage-first heap   total 200704K, used 171590K [0x0000000600000000, 0x0000000800000000)
  region size 4096K, 16 young (65536K), 1 survivors (4096K)
 Metaspace       used 93266K, committed 95552K, reserved 1179648K
  class space    used 13015K, committed 14208K, reserved 1048576K
}
Event: 35.838 GC heap after
{Heap after GC invocations=34 (full 0):
 garbage-first heap   total 241664K, used 117343K [0x0000000600000000, 0x0000000800000000)
  region size 4096K, 2 young (8192K), 2 survivors (8192K)
 Metaspace       used 93266K, committed 95552K, reserved 1179648K
  class space    used 13015K, committed 14208K, reserved 1048576K
}
Event: 37.051 GC heap before
{Heap before GC invocations=34 (full 0):
 garbage-first heap   total 241664K, used 203359K [0x0000000600000000, 0x0000000800000000)
  region size 4096K, 23 young (94208K), 2 survivors (8192K)
 Metaspace       used 93958K, committed 96256K, reserved 1179648K
  class space    used 13088K, committed 14272K, reserved 1048576K
}
Event: 37.063 GC heap after
{Heap after GC invocations=35 (full 0):
 garbage-first heap   total 241664K, used 123668K [0x0000000600000000, 0x0000000800000000)
  region size 4096K, 3 young (12288K), 3 survivors (12288K)
 Metaspace       used 93958K, committed 96256K, reserved 1179648K
  class space    used 13088K, committed 14272K, reserved 1048576K
}
Event: 37.520 GC heap before
{Heap before GC invocations=35 (full 0):
 garbage-first heap   total 241664K, used 205588K [0x0000000600000000, 0x0000000800000000)
  region size 4096K, 24 young (98304K), 3 survivors (12288K)
 Metaspace       used 93961K, committed 96256K, reserved 1179648K
  class space    used 13089K, committed 14272K, reserved 1048576K
}
Event: 37.535 GC heap after
{Heap after GC invocations=36 (full 0):
 garbage-first heap   total 241664K, used 127861K [0x0000000600000000, 0x0000000800000000)
  region size 4096K, 1 young (4096K), 1 survivors (4096K)
 Metaspace       used 93961K, committed 96256K, reserved 1179648K
  class space    used 13089K, committed 14272K, reserved 1048576K
}
Event: 43.002 GC heap before
{Heap before GC invocations=36 (full 0):
 garbage-first heap   total 241664K, used 144245K [0x0000000600000000, 0x0000000800000000)
  region size 4096K, 6 young (24576K), 1 survivors (4096K)
 Metaspace       used 93968K, committed 96256K, reserved 1179648K
  class space    used 13089K, committed 14272K, reserved 1048576K
}
Event: 43.006 GC heap after
{Heap after GC invocations=37 (full 0):
 garbage-first heap   total 241664K, used 132295K [0x0000000600000000, 0x0000000800000000)
  region size 4096K, 2 young (8192K), 2 survivors (8192K)
 Metaspace       used 93968K, committed 96256K, reserved 1179648K
  class space    used 13089K, committed 14272K, reserved 1048576K
}
Event: 47.219 GC heap before
{Heap before GC invocations=38 (full 0):
 garbage-first heap   total 241664K, used 214215K [0x0000000600000000, 0x0000000800000000)
  region size 4096K, 22 young (90112K), 2 survivors (8192K)
 Metaspace       used 97304K, committed 99648K, reserved 1179648K
  class space    used 13543K, committed 14720K, reserved 1048576K
}
Event: 47.227 GC heap after
{Heap after GC invocations=39 (full 0):
 garbage-first heap   total 241664K, used 144299K [0x0000000600000000, 0x0000000800000000)
  region size 4096K, 3 young (12288K), 3 survivors (12288K)
 Metaspace       used 97304K, committed 99648K, reserved 1179648K
  class space    used 13543K, committed 14720K, reserved 1048576K
}
Event: 48.118 GC heap before
{Heap before GC invocations=39 (full 0):
 garbage-first heap   total 241664K, used 209835K [0x0000000600000000, 0x0000000800000000)
  region size 4096K, 19 young (77824K), 3 survivors (12288K)
 Metaspace       used 102026K, committed 104384K, reserved 1179648K
  class space    used 14351K, committed 15552K, reserved 1048576K
}
Event: 48.127 GC heap after
{Heap after GC invocations=40 (full 0):
 garbage-first heap   total 241664K, used 146606K [0x0000000600000000, 0x0000000800000000)
  region size 4096K, 1 young (4096K), 1 survivors (4096K)
 Metaspace       used 102026K, committed 104384K, reserved 1179648K
  class space    used 14351K, committed 15552K, reserved 1048576K
}
Event: 49.969 GC heap before
{Heap before GC invocations=40 (full 0):
 garbage-first heap   total 241664K, used 216238K [0x0000000600000000, 0x0000000800000000)
  region size 4096K, 18 young (73728K), 1 survivors (4096K)
 Metaspace       used 104856K, committed 107328K, reserved 1179648K
  class space    used 14765K, committed 16000K, reserved 1048576K
}
Event: 49.977 GC heap after
{Heap after GC invocations=41 (full 0):
 garbage-first heap   total 241664K, used 150504K [0x0000000600000000, 0x0000000800000000)
  region size 4096K, 2 young (8192K), 2 survivors (8192K)
 Metaspace       used 104856K, committed 107328K, reserved 1179648K
  class space    used 14765K, committed 16000K, reserved 1048576K
}

